<?xml version="1.0" encoding="UTF-8"?>
<!-- Generated by org.testng.reporters.JUnitReportReporter -->
<testsuite skipped="0" hostname="DESKTOP-OS5LNKO" name="test.ExcelExecute" tests="4" failures="0" timestamp="21 Jan 2021 10:43:35 GMT" time="82.397" errors="0">
  <testcase name="DemoProject" time="24.904" classname="test.ExcelExecute"/>
  <testcase name="DemoProject" time="21.015" classname="test.ExcelExecute"/>
  <testcase name="DemoProject" time="16.809" classname="test.ExcelExecute"/>
  <testcase name="DemoProject" time="19.669" classname="test.ExcelExecute"/>
</testsuite> <!-- test.ExcelExecute -->
